----------

Fri Mar 20 2020 15:48:15 GMT+0530 (India Standard Time)

fatal: not a git repository (or any of the parent directories): .git


----------

Fri Mar 20 2020 15:48:15 GMT+0530 (India Standard Time)

fatal: not a git repository (or any of the parent directories): .git


----------

Fri Mar 20 2020 15:48:15 GMT+0530 (India Standard Time)

fatal: not a git repository (or any of the parent directories): .git


----------

Fri Mar 20 2020 15:55:53 GMT+0530 (India Standard Time)

fatal: not a git repository (or any of the parent directories): .git


----------

Fri Mar 20 2020 15:55:53 GMT+0530 (India Standard Time)

fatal: not a git repository (or any of the parent directories): .git


----------

Fri Mar 20 2020 15:55:53 GMT+0530 (India Standard Time)

fatal: not a git repository (or any of the parent directories): .git


----------

Fri Mar 20 2020 16:49:20 GMT+0530 (India Standard Time)

Script D:\BIZ\export.bat couldn't be run

----------

Fri Mar 20 2020 16:49:56 GMT+0530 (India Standard Time)

fatal: not a git repository (or any of the parent directories): .git


----------

Fri Mar 20 2020 16:49:56 GMT+0530 (India Standard Time)

fatal: not a git repository (or any of the parent directories): .git


----------

Fri Mar 20 2020 16:49:56 GMT+0530 (India Standard Time)

fatal: not a git repository (or any of the parent directories): .git


----------

Fri Mar 20 2020 16:54:04 GMT+0530 (India Standard Time)

fatal: not a git repository (or any of the parent directories): .git


----------

Fri Mar 20 2020 16:54:04 GMT+0530 (India Standard Time)

fatal: not a git repository (or any of the parent directories): .git


----------

Fri Mar 20 2020 16:54:04 GMT+0530 (India Standard Time)

fatal: not a git repository (or any of the parent directories): .git


----------

Sun Mar 22 2020 18:35:21 GMT+0530 (India Standard Time)

fatal: not a git repository (or any of the parent directories): .git


----------

Sun Mar 22 2020 18:35:21 GMT+0530 (India Standard Time)

fatal: not a git repository (or any of the parent directories): .git


----------

Sun Mar 22 2020 18:35:21 GMT+0530 (India Standard Time)

fatal: not a git repository (or any of the parent directories): .git


----------

Sun Mar 22 2020 21:30:14 GMT+0530 (India Standard Time)

fatal: not a git repository (or any of the parent directories): .git


----------

Sun Mar 22 2020 21:30:14 GMT+0530 (India Standard Time)

fatal: not a git repository (or any of the parent directories): .git


----------

Sun Mar 22 2020 21:30:14 GMT+0530 (India Standard Time)

fatal: not a git repository (or any of the parent directories): .git


